

Started GET "/profile/1/edit" for 127.0.0.1 at 2014-10-09 21:35:20 -0500
  [1m[36mActiveRecord::SchemaMigration Load (0.4ms)[0m  [1mSELECT "schema_migrations".* FROM "schema_migrations"[0m

ActiveRecord::PendingMigrationError - 

Migrations are pending. To resolve this issue, run:

	bin/rake db:migrate RAILS_ENV=development

:
  activerecord (4.1.6) lib/active_record/migration.rb:389:in `check_pending!'
  activerecord (4.1.6) lib/active_record/migration.rb:377:in `call'
  actionpack (4.1.6) lib/action_dispatch/middleware/callbacks.rb:29:in `block in call'
  activesupport (4.1.6) lib/active_support/callbacks.rb:82:in `run_callbacks'
  actionpack (4.1.6) lib/action_dispatch/middleware/callbacks.rb:27:in `call'
  actionpack (4.1.6) lib/action_dispatch/middleware/reloader.rb:73:in `call'
  actionpack (4.1.6) lib/action_dispatch/middleware/remote_ip.rb:76:in `call'
  better_errors (2.0.0) lib/better_errors/middleware.rb:84:in `protected_app_call'
  better_errors (2.0.0) lib/better_errors/middleware.rb:79:in `better_errors_call'
  better_errors (2.0.0) lib/better_errors/middleware.rb:57:in `call'
  actionpack (4.1.6) lib/action_dispatch/middleware/debug_exceptions.rb:17:in `call'
  actionpack (4.1.6) lib/action_dispatch/middleware/show_exceptions.rb:30:in `call'
  railties (4.1.6) lib/rails/rack/logger.rb:38:in `call_app'
  railties (4.1.6) lib/rails/rack/logger.rb:20:in `block in call'
  activesupport (4.1.6) lib/active_support/tagged_logging.rb:68:in `block in tagged'
  activesupport (4.1.6) lib/active_support/tagged_logging.rb:26:in `tagged'
  activesupport (4.1.6) lib/active_support/tagged_logging.rb:68:in `tagged'
  railties (4.1.6) lib/rails/rack/logger.rb:20:in `call'
  actionpack (4.1.6) lib/action_dispatch/middleware/request_id.rb:21:in `call'
  rack (1.5.2) lib/rack/methodoverride.rb:21:in `call'
  rack (1.5.2) lib/rack/runtime.rb:17:in `call'
  activesupport (4.1.6) lib/active_support/cache/strategy/local_cache_middleware.rb:26:in `call'
  rack (1.5.2) lib/rack/lock.rb:17:in `call'
  actionpack (4.1.6) lib/action_dispatch/middleware/static.rb:64:in `call'
  rack (1.5.2) lib/rack/sendfile.rb:112:in `call'
  railties (4.1.6) lib/rails/engine.rb:514:in `call'
  railties (4.1.6) lib/rails/application.rb:144:in `call'
  rack (1.5.2) lib/rack/lock.rb:17:in `call'
  rack (1.5.2) lib/rack/content_length.rb:14:in `call'
  rack (1.5.2) lib/rack/handler/webrick.rb:60:in `service'
  /Users/NiN/.rbenv/versions/2.0.0-p576/lib/ruby/2.0.0/webrick/httpserver.rb:138:in `service'
  /Users/NiN/.rbenv/versions/2.0.0-p576/lib/ruby/2.0.0/webrick/httpserver.rb:94:in `run'
  /Users/NiN/.rbenv/versions/2.0.0-p576/lib/ruby/2.0.0/webrick/server.rb:295:in `block in start_thread'



Started POST "/__better_errors/bf47a778db4625dc/variables" for 127.0.0.1 at 2014-10-09 21:35:20 -0500
  [1m[36m (4.7ms)[0m  [1mCREATE TABLE "schema_migrations" ("version" character varying(255) NOT NULL) [0m
  [1m[35m (3.9ms)[0m  CREATE UNIQUE INDEX  "unique_schema_migrations" ON "schema_migrations"  ("version")
  [1m[36mActiveRecord::SchemaMigration Load (0.2ms)[0m  [1mSELECT "schema_migrations".* FROM "schema_migrations"[0m
Migrating to CreateUsers (20141008155410)
  [1m[35m (6.5ms)[0m  BEGIN
  [1m[36m (22.8ms)[0m  [1mCREATE TABLE "users" ("id" serial primary key, "first_name" character varying(255), "last_name" character varying(255), "current_location" character varying(255), "created_at" timestamp, "updated_at" timestamp) [0m
  [1m[35mSQL (12.6ms)[0m  INSERT INTO "schema_migrations" ("version") VALUES ($1)  [["version", "20141008155410"]]
  [1m[36m (6.1ms)[0m  [1mCOMMIT[0m
Migrating to CreateImages (20141008155700)
  [1m[35m (6.2ms)[0m  BEGIN
  [1m[36m (8.8ms)[0m  [1mCREATE TABLE "images" ("id" serial primary key, "imageable_id" integer, "imageable_type" character varying(255), "created_at" timestamp, "updated_at" timestamp) [0m
  [1m[35mSQL (6.1ms)[0m  INSERT INTO "schema_migrations" ("version") VALUES ($1)  [["version", "20141008155700"]]
  [1m[36m (0.6ms)[0m  [1mCOMMIT[0m
Migrating to CreateMemberships (20141008185018)
  [1m[35m (6.4ms)[0m  BEGIN
  [1m[36m (7.9ms)[0m  [1mCREATE TABLE "memberships" ("id" serial primary key, "member_id" integer, "group_id" integer, "created_at" timestamp, "updated_at" timestamp) [0m
  [1m[35mSQL (0.2ms)[0m  INSERT INTO "schema_migrations" ("version") VALUES ($1)  [["version", "20141008185018"]]
  [1m[36m (6.4ms)[0m  [1mCOMMIT[0m
Migrating to CreateGroups (20141008185552)
  [1m[35m (5.5ms)[0m  BEGIN
  [1m[36m (7.9ms)[0m  [1mCREATE TABLE "groups" ("id" serial primary key, "name" character varying(255), "jefe_id" integer, "created_at" timestamp, "updated_at" timestamp) [0m
  [1m[35mSQL (0.2ms)[0m  INSERT INTO "schema_migrations" ("version") VALUES ($1)  [["version", "20141008185552"]]
  [1m[36m (6.4ms)[0m  [1mCOMMIT[0m
Migrating to CreatePosts (20141008191832)
  [1m[35m (5.9ms)[0m  BEGIN
  [1m[36m (19.6ms)[0m  [1mCREATE TABLE "posts" ("id" serial primary key, "group_id" integer, "creator_id" integer, "title" character varying(255), "content" text, "created_at" timestamp, "updated_at" timestamp) [0m
  [1m[35mSQL (0.1ms)[0m  INSERT INTO "schema_migrations" ("version") VALUES ($1)  [["version", "20141008191832"]]
  [1m[36m (0.5ms)[0m  [1mCOMMIT[0m
Migrating to CreateSnippets (20141008192109)
  [1m[35m (6.1ms)[0m  BEGIN
  [1m[36m (8.1ms)[0m  [1mCREATE TABLE "snippets" ("id" serial primary key, "content" character varying(255), "creator_id" integer, "group_id" integer, "created_at" timestamp, "updated_at" timestamp) [0m
  [1m[35mSQL (0.2ms)[0m  INSERT INTO "schema_migrations" ("version") VALUES ($1)  [["version", "20141008192109"]]
  [1m[36m (6.3ms)[0m  [1mCOMMIT[0m
Migrating to CreateComments (20141008192434)
  [1m[35m (6.2ms)[0m  BEGIN
  [1m[36m (15.4ms)[0m  [1mCREATE TABLE "comments" ("id" serial primary key, "content" text, "creator_id" integer, "commentable_id" integer, "commentable_type" character varying(255), "created_at" timestamp, "updated_at" timestamp) [0m
  [1m[35mSQL (0.2ms)[0m  INSERT INTO "schema_migrations" ("version") VALUES ($1)  [["version", "20141008192434"]]
  [1m[36m (0.5ms)[0m  [1mCOMMIT[0m
Migrating to AddDeviseToUsers (20141009223047)
  [1m[35m (6.1ms)[0m  BEGIN
  [1m[36m (21.4ms)[0m  [1mALTER TABLE "users" ADD COLUMN "email" character varying(255) DEFAULT '' NOT NULL[0m
  [1m[35m (3.1ms)[0m  ALTER TABLE "users" ADD COLUMN "encrypted_password" character varying(255) DEFAULT '' NOT NULL
  [1m[36m (0.2ms)[0m  [1mALTER TABLE "users" ADD COLUMN "reset_password_token" character varying(255)[0m
  [1m[35m (0.2ms)[0m  ALTER TABLE "users" ADD COLUMN "reset_password_sent_at" timestamp
  [1m[36m (0.2ms)[0m  [1mALTER TABLE "users" ADD COLUMN "remember_created_at" timestamp[0m
  [1m[35m (21.5ms)[0m  ALTER TABLE "users" ADD COLUMN "sign_in_count" integer DEFAULT 0 NOT NULL
  [1m[36m (0.2ms)[0m  [1mALTER TABLE "users" ADD COLUMN "current_sign_in_at" timestamp[0m
  [1m[35m (0.2ms)[0m  ALTER TABLE "users" ADD COLUMN "last_sign_in_at" timestamp
  [1m[36m (0.2ms)[0m  [1mALTER TABLE "users" ADD COLUMN "current_sign_in_ip" inet[0m
  [1m[35m (0.1ms)[0m  ALTER TABLE "users" ADD COLUMN "last_sign_in_ip" inet
  [1m[36m (0.8ms)[0m  [1mCREATE UNIQUE INDEX  "index_users_on_email" ON "users"  ("email")[0m
  [1m[35m (0.8ms)[0m  CREATE UNIQUE INDEX  "index_users_on_reset_password_token" ON "users"  ("reset_password_token")
  [1m[36mSQL (0.1ms)[0m  [1mINSERT INTO "schema_migrations" ("version") VALUES ($1)[0m  [["version", "20141009223047"]]
  [1m[35m (1.3ms)[0m  COMMIT
Migrating to AddPictureToImages (20141009232838)
  [1m[36m (0.2ms)[0m  [1mBEGIN[0m
  [1m[35m (7.4ms)[0m  ALTER TABLE "images" ADD COLUMN "picture" character varying(255)
  [1m[36mSQL (0.2ms)[0m  [1mINSERT INTO "schema_migrations" ("version") VALUES ($1)[0m  [["version", "20141009232838"]]
  [1m[35m (6.0ms)[0m  COMMIT
  [1m[36mActiveRecord::SchemaMigration Load (0.5ms)[0m  [1mSELECT "schema_migrations".* FROM "schema_migrations"[0m
  [1m[36mActiveRecord::SchemaMigration Load (0.3ms)[0m  [1mSELECT "schema_migrations".* FROM "schema_migrations"[0m
  [1m[35m (0.2ms)[0m  BEGIN
  [1m[36mUser Exists (20.6ms)[0m  [1mSELECT  1 AS one FROM "users"  WHERE "users"."email" = 'isaac@gmail.com' LIMIT 1[0m
  [1m[35mSQL (1.4ms)[0m  INSERT INTO "users" ("created_at", "current_location", "email", "encrypted_password", "first_name", "last_name", "updated_at") VALUES ($1, $2, $3, $4, $5, $6, $7) RETURNING "id"  [["created_at", "2014-10-10 02:36:00.789743"], ["current_location", "Chicago, IL"], ["email", "isaac@gmail.com"], ["encrypted_password", "$2a$10$urWS7S01dUgr677DAN6xTe.bMOR6hQB5kCUj8S3tuAw53WxTpxS7S"], ["first_name", "Isaac"], ["last_name", "Node.js"], ["updated_at", "2014-10-10 02:36:00.789743"]]
  [1m[36m (0.4ms)[0m  [1mCOMMIT[0m
  [1m[35m (0.1ms)[0m  BEGIN
  [1m[36mUser Exists (0.4ms)[0m  [1mSELECT  1 AS one FROM "users"  WHERE "users"."email" = 'henry@gmail.com' LIMIT 1[0m
  [1m[35mSQL (0.3ms)[0m  INSERT INTO "users" ("created_at", "current_location", "email", "encrypted_password", "first_name", "last_name", "updated_at") VALUES ($1, $2, $3, $4, $5, $6, $7) RETURNING "id"  [["created_at", "2014-10-10 02:36:00.877524"], ["current_location", "Chicago, IL"], ["email", "henry@gmail.com"], ["encrypted_password", "$2a$10$/Hh8DsPNUVWCJDj8MUMOKOd.L1ArtNp5FmNy9htIFAIejgp9MK6ha"], ["first_name", "Henry"], ["last_name", "Perschk"], ["updated_at", "2014-10-10 02:36:00.877524"]]
  [1m[36m (0.3ms)[0m  [1mCOMMIT[0m
  [1m[35m (0.2ms)[0m  BEGIN
  [1m[36mUser Exists (0.2ms)[0m  [1mSELECT  1 AS one FROM "users"  WHERE "users"."email" = 'torey@gmail.com' LIMIT 1[0m
  [1m[35mSQL (0.2ms)[0m  INSERT INTO "users" ("created_at", "current_location", "email", "encrypted_password", "first_name", "last_name", "updated_at") VALUES ($1, $2, $3, $4, $5, $6, $7) RETURNING "id"  [["created_at", "2014-10-10 02:36:00.953621"], ["current_location", "Bahamas"], ["email", "torey@gmail.com"], ["encrypted_password", "$2a$10$.KZL8YqDGL/rwOr2rAnghOl3DRVVXMSLR4Hp0EKCFXHNE/82N.72u"], ["first_name", "Torey"], ["last_name", "Hickman"], ["updated_at", "2014-10-10 02:36:00.953621"]]
  [1m[36m (0.4ms)[0m  [1mCOMMIT[0m
  [1m[35m (0.1ms)[0m  BEGIN
  [1m[36mUser Exists (0.2ms)[0m  [1mSELECT  1 AS one FROM "users"  WHERE "users"."email" = 'joe@gmail.com' LIMIT 1[0m
  [1m[35mSQL (0.2ms)[0m  INSERT INTO "users" ("created_at", "current_location", "email", "encrypted_password", "first_name", "last_name", "updated_at") VALUES ($1, $2, $3, $4, $5, $6, $7) RETURNING "id"  [["created_at", "2014-10-10 02:36:01.028276"], ["current_location", "Kalispell, MT"], ["email", "joe@gmail.com"], ["encrypted_password", "$2a$10$YAQLR0b0EDscU53qT/UwCOJbMjak.YyCa9.WGWxJp7y4PfUbvehZm"], ["first_name", "Joe"], ["last_name", "Timmer"], ["updated_at", "2014-10-10 02:36:01.028276"]]
  [1m[36m (0.4ms)[0m  [1mCOMMIT[0m
  [1m[35m (0.1ms)[0m  BEGIN
  [1m[36mSQL (6.3ms)[0m  [1mINSERT INTO "groups" ("created_at", "jefe_id", "name", "updated_at") VALUES ($1, $2, $3, $4) RETURNING "id"[0m  [["created_at", "2014-10-10 02:36:01.042769"], ["jefe_id", 2], ["name", "DBC4eva"], ["updated_at", "2014-10-10 02:36:01.042769"]]
  [1m[35m (6.1ms)[0m  COMMIT
  [1m[36m (0.1ms)[0m  [1mBEGIN[0m
  [1m[35mSQL (6.3ms)[0m  INSERT INTO "memberships" ("created_at", "group_id", "member_id", "updated_at") VALUES ($1, $2, $3, $4) RETURNING "id"  [["created_at", "2014-10-10 02:36:01.064763"], ["group_id", 1], ["member_id", 1], ["updated_at", "2014-10-10 02:36:01.064763"]]
  [1m[36m (6.1ms)[0m  [1mCOMMIT[0m
  [1m[35m (0.1ms)[0m  BEGIN
  [1m[36mSQL (0.3ms)[0m  [1mINSERT INTO "memberships" ("created_at", "group_id", "member_id", "updated_at") VALUES ($1, $2, $3, $4) RETURNING "id"[0m  [["created_at", "2014-10-10 02:36:01.079200"], ["group_id", 1], ["member_id", 2], ["updated_at", "2014-10-10 02:36:01.079200"]]
  [1m[35m (4.6ms)[0m  COMMIT
  [1m[36m (0.1ms)[0m  [1mBEGIN[0m
  [1m[35mSQL (0.3ms)[0m  INSERT INTO "memberships" ("created_at", "group_id", "member_id", "updated_at") VALUES ($1, $2, $3, $4) RETURNING "id"  [["created_at", "2014-10-10 02:36:01.085627"], ["group_id", 1], ["member_id", 3], ["updated_at", "2014-10-10 02:36:01.085627"]]
  [1m[36m (0.5ms)[0m  [1mCOMMIT[0m
  [1m[35m (0.1ms)[0m  BEGIN
  [1m[36mSQL (0.2ms)[0m  [1mINSERT INTO "memberships" ("created_at", "group_id", "member_id", "updated_at") VALUES ($1, $2, $3, $4) RETURNING "id"[0m  [["created_at", "2014-10-10 02:36:01.087689"], ["group_id", 1], ["member_id", 4], ["updated_at", "2014-10-10 02:36:01.087689"]]
  [1m[35m (0.3ms)[0m  COMMIT
  [1m[36m (0.1ms)[0m  [1mBEGIN[0m
  [1m[35mSQL (6.3ms)[0m  INSERT INTO "posts" ("content", "created_at", "creator_id", "group_id", "title", "updated_at") VALUES ($1, $2, $3, $4, $5, $6) RETURNING "id"  [["content", "Why should know you're doing whatever,\nThat you I did before,\nAnd the world small world,\nYour games you're happy wherever you more than that means.\n\nIt's really over- please don't hear your eyes I,\nI will stay on the sun,\nI'm doing fine,\nI'm so you ever say is.\n\n[chorus]\nYou know what we were,\nThe words in the line in time.\nYou know what we were,\nThe words in the line in time."], ["created_at", "2014-10-10 02:36:01.100008"], ["creator_id", 3], ["group_id", 1], ["title", "On Putting Dogs to Sleep"], ["updated_at", "2014-10-10 02:36:01.100008"]]
  [1m[36m (5.9ms)[0m  [1mCOMMIT[0m
  [1m[35m (0.1ms)[0m  BEGIN
  [1m[36mSQL (6.1ms)[0m  [1mINSERT INTO "snippets" ("content", "created_at", "creator_id", "group_id", "updated_at") VALUES ($1, $2, $3, $4, $5) RETURNING "id"[0m  [["content", "Cause im already in mine / Ain't about my heart is everything is done / I believe in the credits / It's the 7 things flowing up."], ["created_at", "2014-10-10 02:36:01.125113"], ["creator_id", 1], ["group_id", 1], ["updated_at", "2014-10-10 02:36:01.125113"]]
  [1m[35m (6.2ms)[0m  COMMIT
  [1m[36m (0.1ms)[0m  [1mBEGIN[0m
  [1m[35mSQL (0.2ms)[0m  INSERT INTO "snippets" ("content", "created_at", "creator_id", "group_id", "updated_at") VALUES ($1, $2, $3, $4, $5) RETURNING "id"  [["content", "Li-li / I can't be tamed you / I'm lazy / And I look somewhere else falls into this kicking."], ["created_at", "2014-10-10 02:36:01.139644"], ["creator_id", 4], ["group_id", 1], ["updated_at", "2014-10-10 02:36:01.139644"]]
  [1m[36m (0.4ms)[0m  [1mCOMMIT[0m
  [1m[35m (0.1ms)[0m  BEGIN
  [1m[36mSQL (0.2ms)[0m  [1mINSERT INTO "posts" ("content", "created_at", "creator_id", "group_id", "title", "updated_at") VALUES ($1, $2, $3, $4, $5, $6) RETURNING "id"[0m  [["content", "I care of something stops me see you lose,\nDrive my brain ma,\nBoom de clap de clap de,\nI care of the world.\n\nDon't know your hands up,\nWhen you love me back with you there,\nThat you up the story's getting old,\nSo tragic.\n\n[chorus]\nThis kicking and yes dear we're gonna,\n'cause what we up you alone.\nThis kicking and yes dear we're gonna,\n'cause what we up you alone."], ["created_at", "2014-10-10 02:36:01.141654"], ["creator_id", 3], ["group_id", 1], ["title", "Some More of My Poetry"], ["updated_at", "2014-10-10 02:36:01.141654"]]
  [1m[35m (0.3ms)[0m  COMMIT
  [1m[36m (0.1ms)[0m  [1mBEGIN[0m
  [1m[35mSQL (6.4ms)[0m  INSERT INTO "comments" ("commentable_id", "commentable_type", "content", "created_at", "creator_id", "updated_at") VALUES ($1, $2, $3, $4, $5, $6) RETURNING "id"  [["commentable_id", 1], ["commentable_type", "Post"], ["content", "Wow Torey you're really good at poetry"], ["created_at", "2014-10-10 02:36:01.150709"], ["creator_id", 2], ["updated_at", "2014-10-10 02:36:01.150709"]]
  [1m[36m (6.3ms)[0m  [1mCOMMIT[0m
  [1m[35m (0.1ms)[0m  BEGIN
  [1m[36mSQL (0.2ms)[0m  [1mINSERT INTO "comments" ("commentable_id", "commentable_type", "content", "created_at", "creator_id", "updated_at") VALUES ($1, $2, $3, $4, $5, $6) RETURNING "id"[0m  [["commentable_id", 1], ["commentable_type", "Post"], ["content", "This vacation is doing you some good!"], ["created_at", "2014-10-10 02:36:01.165675"], ["creator_id", 1], ["updated_at", "2014-10-10 02:36:01.165675"]]
  [1m[35m (5.1ms)[0m  COMMIT
  [1m[36m (0.1ms)[0m  [1mBEGIN[0m
  [1m[35mSQL (0.3ms)[0m  INSERT INTO "comments" ("commentable_id", "commentable_type", "content", "created_at", "creator_id", "updated_at") VALUES ($1, $2, $3, $4, $5, $6) RETURNING "id"  [["commentable_id", 1], ["commentable_type", "Snippet"], ["content", "lol"], ["created_at", "2014-10-10 02:36:01.172696"], ["creator_id", 3], ["updated_at", "2014-10-10 02:36:01.172696"]]
  [1m[36m (0.6ms)[0m  [1mCOMMIT[0m
  [1m[35m (0.1ms)[0m  BEGIN
  [1m[36mSQL (0.2ms)[0m  [1mINSERT INTO "comments" ("commentable_id", "commentable_type", "content", "created_at", "creator_id", "updated_at") VALUES ($1, $2, $3, $4, $5, $6) RETURNING "id"[0m  [["commentable_id", 2], ["commentable_type", "Post"], ["content", "Wait is this a Miley song?"], ["created_at", "2014-10-10 02:36:01.175102"], ["creator_id", 4], ["updated_at", "2014-10-10 02:36:01.175102"]]
  [1m[35m (0.4ms)[0m  COMMIT


Started GET "/profile/1/edit" for 127.0.0.1 at 2014-10-09 21:36:15 -0500
  [1m[36mActiveRecord::SchemaMigration Load (0.4ms)[0m  [1mSELECT "schema_migrations".* FROM "schema_migrations"[0m
Processing by UsersController#edit as HTML
  Parameters: {"id"=>"1"}
Completed 401 Unauthorized in 18ms


Started GET "/users/sign_in" for 127.0.0.1 at 2014-10-09 21:36:15 -0500
Processing by SessionsController#new as HTML
  Rendered devise/shared/_links.html.erb (1.4ms)
  Rendered devise/sessions/new.html.erb within layouts/application (22.6ms)
Completed 200 OK in 597ms (Views: 573.9ms | ActiveRecord: 8.0ms)


Started GET "/assets/comments.css?body=1" for 127.0.0.1 at 2014-10-09 21:36:16 -0500


Started GET "/assets/home.css?body=1" for 127.0.0.1 at 2014-10-09 21:36:16 -0500


Started GET "/assets/posts.css?body=1" for 127.0.0.1 at 2014-10-09 21:36:16 -0500


Started GET "/assets/images.css?body=1" for 127.0.0.1 at 2014-10-09 21:36:16 -0500


Started GET "/assets/groups.css?body=1" for 127.0.0.1 at 2014-10-09 21:36:16 -0500


Started GET "/assets/snippets.css?body=1" for 127.0.0.1 at 2014-10-09 21:36:16 -0500


Started GET "/assets/normalize.css?body=1" for 127.0.0.1 at 2014-10-09 21:36:16 -0500


Started GET "/assets/users.css?body=1" for 127.0.0.1 at 2014-10-09 21:36:16 -0500


Started GET "/assets/application.css?body=1" for 127.0.0.1 at 2014-10-09 21:36:16 -0500


Started GET "/assets/NOT_USED_application.js?body=1" for 127.0.0.1 at 2014-10-09 21:36:16 -0500


Started GET "/assets/jquery.js?body=1" for 127.0.0.1 at 2014-10-09 21:36:16 -0500


Started GET "/assets/jquery_ujs.js?body=1" for 127.0.0.1 at 2014-10-09 21:36:16 -0500


Started GET "/assets/home.js?body=1" for 127.0.0.1 at 2014-10-09 21:36:16 -0500


Started GET "/assets/images.js?body=1" for 127.0.0.1 at 2014-10-09 21:36:16 -0500


Started GET "/assets/turbolinks.js?body=1" for 127.0.0.1 at 2014-10-09 21:36:16 -0500


Started GET "/assets/comments.js?body=1" for 127.0.0.1 at 2014-10-09 21:36:16 -0500


Started GET "/assets/groups.js?body=1" for 127.0.0.1 at 2014-10-09 21:36:16 -0500


Started GET "/assets/posts.js?body=1" for 127.0.0.1 at 2014-10-09 21:36:16 -0500


Started GET "/assets/snippets.js?body=1" for 127.0.0.1 at 2014-10-09 21:36:16 -0500


Started GET "/assets/users.js?body=1" for 127.0.0.1 at 2014-10-09 21:36:16 -0500


Started GET "/assets/application.js?body=1" for 127.0.0.1 at 2014-10-09 21:36:16 -0500


Started GET "/assets/home_background.jpg" for 127.0.0.1 at 2014-10-09 21:36:16 -0500


Started POST "/users/sign_in" for 127.0.0.1 at 2014-10-09 21:36:46 -0500
Processing by SessionsController#create as HTML
  Parameters: {"utf8"=>"✓", "authenticity_token"=>"PIeYK6kejRhVsYwRvNKwo3wer/KDXjrurMX7E9LkBa8=", "user"=>{"email"=>"isaac@gmail.com", "password"=>"[FILTERED]", "remember_me"=>"0"}, "commit"=>"Log in"}
  [1m[35mUser Load (1.1ms)[0m  SELECT  "users".* FROM "users"  WHERE "users"."email" = 'isaac@gmail.com'  ORDER BY "users"."id" ASC LIMIT 1
  [1m[36m (0.1ms)[0m  [1mBEGIN[0m
  [1m[35m (0.1ms)[0m  ROLLBACK
Completed 500 Internal Server Error in 89ms

NoMethodError - undefined method `picture_changed?' for #<User:0x007fa430aab730>:
  activemodel (4.1.6) lib/active_model/attribute_methods.rb:435:in `method_missing'
  activerecord (4.1.6) lib/active_record/attribute_methods.rb:211:in `method_missing'
  carrierwave (0.10.0) lib/carrierwave/mount.rb:233:in `store_previous_model_for_picture'
  activesupport (4.1.6) lib/active_support/callbacks.rb:424:in `block in make_lambda'
  activesupport (4.1.6) lib/active_support/callbacks.rb:160:in `block in halting'
  activesupport (4.1.6) lib/active_support/callbacks.rb:215:in `block in halting_and_conditional'
  activesupport (4.1.6) lib/active_support/callbacks.rb:215:in `block in halting_and_conditional'
  activesupport (4.1.6) lib/active_support/callbacks.rb:215:in `block in halting_and_conditional'
  activesupport (4.1.6) lib/active_support/callbacks.rb:215:in `block in halting_and_conditional'
  activesupport (4.1.6) lib/active_support/callbacks.rb:215:in `block in halting_and_conditional'
  activesupport (4.1.6) lib/active_support/callbacks.rb:215:in `block in halting_and_conditional'
  activesupport (4.1.6) lib/active_support/callbacks.rb:215:in `block in halting_and_conditional'
  activesupport (4.1.6) lib/active_support/callbacks.rb:86:in `run_callbacks'
  activerecord (4.1.6) lib/active_record/callbacks.rb:310:in `_update_record'
  activerecord (4.1.6) lib/active_record/timestamp.rb:70:in `_update_record'
  activerecord (4.1.6) lib/active_record/persistence.rb:483:in `create_or_update'
  activerecord (4.1.6) lib/active_record/callbacks.rb:302:in `block in create_or_update'
  activesupport (4.1.6) lib/active_support/callbacks.rb:113:in `call'
  activesupport (4.1.6) lib/active_support/callbacks.rb:166:in `block in halting'
  activesupport (4.1.6) lib/active_support/callbacks.rb:166:in `block in halting'
  activesupport (4.1.6) lib/active_support/callbacks.rb:215:in `block in halting_and_conditional'
  activesupport (4.1.6) lib/active_support/callbacks.rb:215:in `block in halting_and_conditional'
  activesupport (4.1.6) lib/active_support/callbacks.rb:86:in `run_callbacks'
  activerecord (4.1.6) lib/active_record/callbacks.rb:302:in `create_or_update'
  activerecord (4.1.6) lib/active_record/persistence.rb:103:in `save'
  activerecord (4.1.6) lib/active_record/validations.rb:51:in `save'
  activerecord (4.1.6) lib/active_record/attribute_methods/dirty.rb:21:in `save'
  activerecord (4.1.6) lib/active_record/transactions.rb:268:in `block (2 levels) in save'
  activerecord (4.1.6) lib/active_record/transactions.rb:329:in `block in with_transaction_returning_status'
  activerecord (4.1.6) lib/active_record/connection_adapters/abstract/database_statements.rb:201:in `block in transaction'
  activerecord (4.1.6) lib/active_record/connection_adapters/abstract/database_statements.rb:209:in `within_new_transaction'
  activerecord (4.1.6) lib/active_record/connection_adapters/abstract/database_statements.rb:201:in `transaction'
  activerecord (4.1.6) lib/active_record/transactions.rb:208:in `transaction'
  activerecord (4.1.6) lib/active_record/transactions.rb:326:in `with_transaction_returning_status'
  activerecord (4.1.6) lib/active_record/transactions.rb:268:in `block in save'
  activerecord (4.1.6) lib/active_record/transactions.rb:283:in `rollback_active_record_state!'
  activerecord (4.1.6) lib/active_record/transactions.rb:267:in `save'
  devise (3.4.0) lib/devise/models/trackable.rb:33:in `update_tracked_fields!'
  devise (3.4.0) lib/devise/hooks/trackable.rb:7:in `block in <top (required)>'
  warden (1.2.3) lib/warden/hooks.rb:14:in `block in _run_callbacks'
  warden (1.2.3) lib/warden/hooks.rb:9:in `_run_callbacks'
  warden (1.2.3) lib/warden/manager.rb:53:in `_run_callbacks'
  warden (1.2.3) lib/warden/proxy.rb:179:in `set_user'
  warden (1.2.3) lib/warden/proxy.rb:323:in `_perform_authentication'
  warden (1.2.3) lib/warden/proxy.rb:127:in `authenticate!'
  devise (3.4.0) app/controllers/devise/sessions_controller.rb:16:in `create'
  actionpack (4.1.6) lib/action_controller/metal/implicit_render.rb:4:in `send_action'
  actionpack (4.1.6) lib/abstract_controller/base.rb:189:in `process_action'
  actionpack (4.1.6) lib/action_controller/metal/rendering.rb:10:in `process_action'
  actionpack (4.1.6) lib/abstract_controller/callbacks.rb:20:in `block in process_action'
  activesupport (4.1.6) lib/active_support/callbacks.rb:113:in `call'
  activesupport (4.1.6) lib/active_support/callbacks.rb:229:in `block in halting'
  activesupport (4.1.6) lib/active_support/callbacks.rb:229:in `block in halting'
  activesupport (4.1.6) lib/active_support/callbacks.rb:166:in `block in halting'
  activesupport (4.1.6) lib/active_support/callbacks.rb:166:in `block in halting'
  activesupport (4.1.6) lib/active_support/callbacks.rb:166:in `block in halting'
  activesupport (4.1.6) lib/active_support/callbacks.rb:166:in `block in halting'
  activesupport (4.1.6) lib/active_support/callbacks.rb:149:in `block in halting_and_conditional'
  activesupport (4.1.6) lib/active_support/callbacks.rb:149:in `block in halting_and_conditional'
  activesupport (4.1.6) lib/active_support/callbacks.rb:149:in `block in halting_and_conditional'
  activesupport (4.1.6) lib/active_support/callbacks.rb:149:in `block in halting_and_conditional'
  activesupport (4.1.6) lib/active_support/callbacks.rb:86:in `run_callbacks'
  actionpack (4.1.6) lib/abstract_controller/callbacks.rb:19:in `process_action'
  actionpack (4.1.6) lib/action_controller/metal/rescue.rb:29:in `process_action'
  actionpack (4.1.6) lib/action_controller/metal/instrumentation.rb:31:in `block in process_action'
  activesupport (4.1.6) lib/active_support/notifications.rb:159:in `block in instrument'
  activesupport (4.1.6) lib/active_support/notifications/instrumenter.rb:20:in `instrument'
  activesupport (4.1.6) lib/active_support/notifications.rb:159:in `instrument'
  actionpack (4.1.6) lib/action_controller/metal/instrumentation.rb:30:in `process_action'
  actionpack (4.1.6) lib/action_controller/metal/params_wrapper.rb:250:in `process_action'
  activerecord (4.1.6) lib/active_record/railties/controller_runtime.rb:18:in `process_action'
  actionpack (4.1.6) lib/abstract_controller/base.rb:136:in `process'
  actionview (4.1.6) lib/action_view/rendering.rb:30:in `process'
  actionpack (4.1.6) lib/action_controller/metal.rb:196:in `dispatch'
  actionpack (4.1.6) lib/action_controller/metal/rack_delegation.rb:13:in `dispatch'
  actionpack (4.1.6) lib/action_controller/metal.rb:232:in `block in action'
  actionpack (4.1.6) lib/action_dispatch/routing/route_set.rb:82:in `dispatch'
  actionpack (4.1.6) lib/action_dispatch/routing/route_set.rb:50:in `call'
  actionpack (4.1.6) lib/action_dispatch/routing/mapper.rb:45:in `call'
  actionpack (4.1.6) lib/action_dispatch/journey/router.rb:73:in `block in call'
  actionpack (4.1.6) lib/action_dispatch/journey/router.rb:59:in `call'
  actionpack (4.1.6) lib/action_dispatch/routing/route_set.rb:678:in `call'
  warden (1.2.3) lib/warden/manager.rb:35:in `block in call'
  warden (1.2.3) lib/warden/manager.rb:34:in `call'
  rack (1.5.2) lib/rack/etag.rb:23:in `call'
  rack (1.5.2) lib/rack/conditionalget.rb:35:in `call'
  rack (1.5.2) lib/rack/head.rb:11:in `call'
  actionpack (4.1.6) lib/action_dispatch/middleware/params_parser.rb:27:in `call'
  actionpack (4.1.6) lib/action_dispatch/middleware/flash.rb:254:in `call'
  rack (1.5.2) lib/rack/session/abstract/id.rb:225:in `context'
  rack (1.5.2) lib/rack/session/abstract/id.rb:220:in `call'
  actionpack (4.1.6) lib/action_dispatch/middleware/cookies.rb:560:in `call'
  activerecord (4.1.6) lib/active_record/query_cache.rb:36:in `call'
  activerecord (4.1.6) lib/active_record/connection_adapters/abstract/connection_pool.rb:621:in `call'
  activerecord (4.1.6) lib/active_record/migration.rb:380:in `call'
  actionpack (4.1.6) lib/action_dispatch/middleware/callbacks.rb:29:in `block in call'
  activesupport (4.1.6) lib/active_support/callbacks.rb:82:in `run_callbacks'
  actionpack (4.1.6) lib/action_dispatch/middleware/callbacks.rb:27:in `call'
  actionpack (4.1.6) lib/action_dispatch/middleware/reloader.rb:73:in `call'
  actionpack (4.1.6) lib/action_dispatch/middleware/remote_ip.rb:76:in `call'
  better_errors (2.0.0) lib/better_errors/middleware.rb:84:in `protected_app_call'
  better_errors (2.0.0) lib/better_errors/middleware.rb:79:in `better_errors_call'
  better_errors (2.0.0) lib/better_errors/middleware.rb:57:in `call'
  actionpack (4.1.6) lib/action_dispatch/middleware/debug_exceptions.rb:17:in `call'
  actionpack (4.1.6) lib/action_dispatch/middleware/show_exceptions.rb:30:in `call'
  railties (4.1.6) lib/rails/rack/logger.rb:38:in `call_app'
  railties (4.1.6) lib/rails/rack/logger.rb:20:in `block in call'
  activesupport (4.1.6) lib/active_support/tagged_logging.rb:68:in `block in tagged'
  activesupport (4.1.6) lib/active_support/tagged_logging.rb:26:in `tagged'
  activesupport (4.1.6) lib/active_support/tagged_logging.rb:68:in `tagged'
  railties (4.1.6) lib/rails/rack/logger.rb:20:in `call'
  actionpack (4.1.6) lib/action_dispatch/middleware/request_id.rb:21:in `call'
  rack (1.5.2) lib/rack/methodoverride.rb:21:in `call'
  rack (1.5.2) lib/rack/runtime.rb:17:in `call'
  activesupport (4.1.6) lib/active_support/cache/strategy/local_cache_middleware.rb:26:in `call'
  rack (1.5.2) lib/rack/lock.rb:17:in `call'
  actionpack (4.1.6) lib/action_dispatch/middleware/static.rb:64:in `call'
  rack (1.5.2) lib/rack/sendfile.rb:112:in `call'
  railties (4.1.6) lib/rails/engine.rb:514:in `call'
  railties (4.1.6) lib/rails/application.rb:144:in `call'
  rack (1.5.2) lib/rack/lock.rb:17:in `call'
  rack (1.5.2) lib/rack/content_length.rb:14:in `call'
  rack (1.5.2) lib/rack/handler/webrick.rb:60:in `service'
  /Users/NiN/.rbenv/versions/2.0.0-p576/lib/ruby/2.0.0/webrick/httpserver.rb:138:in `service'
  /Users/NiN/.rbenv/versions/2.0.0-p576/lib/ruby/2.0.0/webrick/httpserver.rb:94:in `run'
  /Users/NiN/.rbenv/versions/2.0.0-p576/lib/ruby/2.0.0/webrick/server.rb:295:in `block in start_thread'



Started POST "/__better_errors/24024b2841a38a5f/variables" for 127.0.0.1 at 2014-10-09 21:36:47 -0500
  [1m[36m (26.8ms)[0m  [1mCREATE TABLE "schema_migrations" ("version" character varying(255) NOT NULL) [0m
  [1m[35m (2.9ms)[0m  CREATE UNIQUE INDEX  "unique_schema_migrations" ON "schema_migrations"  ("version")
  [1m[36mActiveRecord::SchemaMigration Load (0.3ms)[0m  [1mSELECT "schema_migrations".* FROM "schema_migrations"[0m
Migrating to CreateUsers (20141008155410)
  [1m[35m (0.1ms)[0m  BEGIN
  [1m[36m (27.7ms)[0m  [1mCREATE TABLE "users" ("id" serial primary key, "first_name" character varying(255), "last_name" character varying(255), "current_location" character varying(255), "created_at" timestamp, "updated_at" timestamp) [0m
  [1m[35mSQL (10.4ms)[0m  INSERT INTO "schema_migrations" ("version") VALUES ($1)  [["version", "20141008155410"]]
  [1m[36m (0.5ms)[0m  [1mCOMMIT[0m
Migrating to CreateImages (20141008155700)
  [1m[35m (6.1ms)[0m  BEGIN
  [1m[36m (14.1ms)[0m  [1mCREATE TABLE "images" ("id" serial primary key, "imageable_id" integer, "imageable_type" character varying(255), "created_at" timestamp, "updated_at" timestamp) [0m
  [1m[35mSQL (5.3ms)[0m  INSERT INTO "schema_migrations" ("version") VALUES ($1)  [["version", "20141008155700"]]
  [1m[36m (0.5ms)[0m  [1mCOMMIT[0m
Migrating to CreateMemberships (20141008185018)
  [1m[35m (6.0ms)[0m  BEGIN
  [1m[36m (7.7ms)[0m  [1mCREATE TABLE "memberships" ("id" serial primary key, "member_id" integer, "group_id" integer, "created_at" timestamp, "updated_at" timestamp) [0m
  [1m[35mSQL (0.2ms)[0m  INSERT INTO "schema_migrations" ("version") VALUES ($1)  [["version", "20141008185018"]]
  [1m[36m (6.2ms)[0m  [1mCOMMIT[0m
Migrating to CreateGroups (20141008185552)
  [1m[35m (5.6ms)[0m  BEGIN
  [1m[36m (7.7ms)[0m  [1mCREATE TABLE "groups" ("id" serial primary key, "name" character varying(255), "jefe_id" integer, "created_at" timestamp, "updated_at" timestamp) [0m
  [1m[35mSQL (0.1ms)[0m  INSERT INTO "schema_migrations" ("version") VALUES ($1)  [["version", "20141008185552"]]
  [1m[36m (6.3ms)[0m  [1mCOMMIT[0m
Migrating to CreatePosts (20141008191832)
  [1m[35m (6.0ms)[0m  BEGIN
  [1m[36m (14.7ms)[0m  [1mCREATE TABLE "posts" ("id" serial primary key, "group_id" integer, "creator_id" integer, "title" character varying(255), "content" text, "created_at" timestamp, "updated_at" timestamp) [0m
  [1m[35mSQL (0.2ms)[0m  INSERT INTO "schema_migrations" ("version") VALUES ($1)  [["version", "20141008191832"]]
  [1m[36m (5.2ms)[0m  [1mCOMMIT[0m
Migrating to CreateSnippets (20141008192109)
  [1m[35m (5.7ms)[0m  BEGIN
  [1m[36m (7.7ms)[0m  [1mCREATE TABLE "snippets" ("id" serial primary key, "content" character varying(255), "creator_id" integer, "group_id" integer, "created_at" timestamp, "updated_at" timestamp) [0m
  [1m[35mSQL (0.1ms)[0m  INSERT INTO "schema_migrations" ("version") VALUES ($1)  [["version", "20141008192109"]]
  [1m[36m (6.3ms)[0m  [1mCOMMIT[0m
Migrating to CreateComments (20141008192434)
  [1m[35m (5.6ms)[0m  BEGIN
  [1m[36m (14.9ms)[0m  [1mCREATE TABLE "comments" ("id" serial primary key, "content" text, "creator_id" integer, "commentable_id" integer, "commentable_type" character varying(255), "created_at" timestamp, "updated_at" timestamp) [0m
  [1m[35mSQL (0.1ms)[0m  INSERT INTO "schema_migrations" ("version") VALUES ($1)  [["version", "20141008192434"]]
  [1m[36m (5.6ms)[0m  [1mCOMMIT[0m
Migrating to AddDeviseToUsers (20141009223047)
  [1m[35m (6.1ms)[0m  BEGIN
  [1m[36m (23.8ms)[0m  [1mALTER TABLE "users" ADD COLUMN "email" character varying(255) DEFAULT '' NOT NULL[0m
  [1m[35m (3.3ms)[0m  ALTER TABLE "users" ADD COLUMN "encrypted_password" character varying(255) DEFAULT '' NOT NULL
  [1m[36m (0.2ms)[0m  [1mALTER TABLE "users" ADD COLUMN "reset_password_token" character varying(255)[0m
  [1m[35m (0.1ms)[0m  ALTER TABLE "users" ADD COLUMN "reset_password_sent_at" timestamp
  [1m[36m (0.1ms)[0m  [1mALTER TABLE "users" ADD COLUMN "remember_created_at" timestamp[0m
  [1m[35m (14.6ms)[0m  ALTER TABLE "users" ADD COLUMN "sign_in_count" integer DEFAULT 0 NOT NULL
  [1m[36m (0.2ms)[0m  [1mALTER TABLE "users" ADD COLUMN "current_sign_in_at" timestamp[0m
  [1m[35m (0.1ms)[0m  ALTER TABLE "users" ADD COLUMN "last_sign_in_at" timestamp
  [1m[36m (0.2ms)[0m  [1mALTER TABLE "users" ADD COLUMN "current_sign_in_ip" inet[0m
  [1m[35m (0.2ms)[0m  ALTER TABLE "users" ADD COLUMN "last_sign_in_ip" inet
  [1m[36m (7.0ms)[0m  [1mCREATE UNIQUE INDEX  "index_users_on_email" ON "users"  ("email")[0m
  [1m[35m (0.8ms)[0m  CREATE UNIQUE INDEX  "index_users_on_reset_password_token" ON "users"  ("reset_password_token")
  [1m[36mSQL (0.1ms)[0m  [1mINSERT INTO "schema_migrations" ("version") VALUES ($1)[0m  [["version", "20141009223047"]]
  [1m[35m (1.4ms)[0m  COMMIT
Migrating to AddPictureToImages (20141009232838)
  [1m[36m (0.2ms)[0m  [1mBEGIN[0m
  [1m[35m (7.2ms)[0m  ALTER TABLE "images" ADD COLUMN "picture" character varying(255)
  [1m[36mSQL (0.1ms)[0m  [1mINSERT INTO "schema_migrations" ("version") VALUES ($1)[0m  [["version", "20141009232838"]]
  [1m[35m (6.3ms)[0m  COMMIT
  [1m[36mActiveRecord::SchemaMigration Load (0.2ms)[0m  [1mSELECT "schema_migrations".* FROM "schema_migrations"[0m
  [1m[36mActiveRecord::SchemaMigration Load (0.3ms)[0m  [1mSELECT "schema_migrations".* FROM "schema_migrations"[0m
  [1m[35m (0.1ms)[0m  BEGIN
  [1m[36mUser Exists (1.0ms)[0m  [1mSELECT  1 AS one FROM "users"  WHERE "users"."email" = 'isaac@gmail.com' LIMIT 1[0m
  [1m[35mSQL (18.6ms)[0m  INSERT INTO "users" ("created_at", "current_location", "email", "encrypted_password", "first_name", "last_name", "updated_at") VALUES ($1, $2, $3, $4, $5, $6, $7) RETURNING "id"  [["created_at", "2014-10-11 03:46:01.821089"], ["current_location", "Chicago, IL"], ["email", "isaac@gmail.com"], ["encrypted_password", "$2a$10$fAub2URI8yl6ftGSWNDR8.OqhGhIa19Cjn87TPoW7Te7PT2QJxcy6"], ["first_name", "Isaac"], ["last_name", "Node.js"], ["updated_at", "2014-10-11 03:46:01.821089"]]
  [1m[36m (0.4ms)[0m  [1mCOMMIT[0m
  [1m[35m (0.1ms)[0m  BEGIN
  [1m[36mUser Exists (0.4ms)[0m  [1mSELECT  1 AS one FROM "users"  WHERE "users"."email" = 'henry@gmail.com' LIMIT 1[0m
  [1m[35mSQL (0.2ms)[0m  INSERT INTO "users" ("created_at", "current_location", "email", "encrypted_password", "first_name", "last_name", "updated_at") VALUES ($1, $2, $3, $4, $5, $6, $7) RETURNING "id"  [["created_at", "2014-10-11 03:46:01.918925"], ["current_location", "Chicago, IL"], ["email", "henry@gmail.com"], ["encrypted_password", "$2a$10$6XAp7o8cVRVncyI8URMweOdEIWJA4ZMY9V5LSSjDLR0Zqgt2XkrXa"], ["first_name", "Henry"], ["last_name", "Perschk"], ["updated_at", "2014-10-11 03:46:01.918925"]]
  [1m[36m (0.4ms)[0m  [1mCOMMIT[0m
  [1m[35m (0.1ms)[0m  BEGIN
  [1m[36mUser Exists (0.3ms)[0m  [1mSELECT  1 AS one FROM "users"  WHERE "users"."email" = 'torey@gmail.com' LIMIT 1[0m
  [1m[35mSQL (0.2ms)[0m  INSERT INTO "users" ("created_at", "current_location", "email", "encrypted_password", "first_name", "last_name", "updated_at") VALUES ($1, $2, $3, $4, $5, $6, $7) RETURNING "id"  [["created_at", "2014-10-11 03:46:01.998372"], ["current_location", "Bahamas"], ["email", "torey@gmail.com"], ["encrypted_password", "$2a$10$VGiWch9b5eOsEFiI69RFpeOB2JnnaVmEktST3FA5uunaY6jbWRZtK"], ["first_name", "Torey"], ["last_name", "Hickman"], ["updated_at", "2014-10-11 03:46:01.998372"]]
  [1m[36m (0.4ms)[0m  [1mCOMMIT[0m
  [1m[35m (0.1ms)[0m  BEGIN
  [1m[36mUser Exists (0.2ms)[0m  [1mSELECT  1 AS one FROM "users"  WHERE "users"."email" = 'joe@gmail.com' LIMIT 1[0m
  [1m[35mSQL (0.2ms)[0m  INSERT INTO "users" ("created_at", "current_location", "email", "encrypted_password", "first_name", "last_name", "updated_at") VALUES ($1, $2, $3, $4, $5, $6, $7) RETURNING "id"  [["created_at", "2014-10-11 03:46:02.074921"], ["current_location", "Kalispell, MT"], ["email", "joe@gmail.com"], ["encrypted_password", "$2a$10$eQj8JHNXXlGiBPnzMiGNTuECZV8HRh/st1metyaN/Dk5iUeu6jJ.6"], ["first_name", "Joe"], ["last_name", "Timmer"], ["updated_at", "2014-10-11 03:46:02.074921"]]
  [1m[36m (0.4ms)[0m  [1mCOMMIT[0m
  [1m[35m (0.1ms)[0m  BEGIN
  [1m[36mSQL (6.3ms)[0m  [1mINSERT INTO "groups" ("created_at", "jefe_id", "name", "updated_at") VALUES ($1, $2, $3, $4) RETURNING "id"[0m  [["created_at", "2014-10-11 03:46:02.106192"], ["jefe_id", 2], ["name", "DBC4eva"], ["updated_at", "2014-10-11 03:46:02.106192"]]
  [1m[35m (6.0ms)[0m  COMMIT
  [1m[36m (0.1ms)[0m  [1mBEGIN[0m
  [1m[35mSQL (5.9ms)[0m  INSERT INTO "memberships" ("created_at", "group_id", "member_id", "updated_at") VALUES ($1, $2, $3, $4) RETURNING "id"  [["created_at", "2014-10-11 03:46:02.127538"], ["group_id", 1], ["member_id", 1], ["updated_at", "2014-10-11 03:46:02.127538"]]
  [1m[36m (6.2ms)[0m  [1mCOMMIT[0m
  [1m[35m (0.1ms)[0m  BEGIN
  [1m[36mSQL (0.2ms)[0m  [1mINSERT INTO "memberships" ("created_at", "group_id", "member_id", "updated_at") VALUES ($1, $2, $3, $4) RETURNING "id"[0m  [["created_at", "2014-10-11 03:46:02.141624"], ["group_id", 1], ["member_id", 2], ["updated_at", "2014-10-11 03:46:02.141624"]]
  [1m[35m (5.2ms)[0m  COMMIT
  [1m[36m (0.1ms)[0m  [1mBEGIN[0m
  [1m[35mSQL (0.3ms)[0m  INSERT INTO "memberships" ("created_at", "group_id", "member_id", "updated_at") VALUES ($1, $2, $3, $4) RETURNING "id"  [["created_at", "2014-10-11 03:46:02.148502"], ["group_id", 1], ["member_id", 3], ["updated_at", "2014-10-11 03:46:02.148502"]]
  [1m[36m (0.4ms)[0m  [1mCOMMIT[0m
  [1m[35m (0.1ms)[0m  BEGIN
  [1m[36mSQL (0.2ms)[0m  [1mINSERT INTO "memberships" ("created_at", "group_id", "member_id", "updated_at") VALUES ($1, $2, $3, $4) RETURNING "id"[0m  [["created_at", "2014-10-11 03:46:02.150630"], ["group_id", 1], ["member_id", 4], ["updated_at", "2014-10-11 03:46:02.150630"]]
  [1m[35m (0.3ms)[0m  COMMIT
  [1m[36m (0.1ms)[0m  [1mBEGIN[0m
  [1m[35mSQL (0.4ms)[0m  INSERT INTO "posts" ("content", "created_at", "creator_id", "group_id", "title", "updated_at") VALUES ($1, $2, $3, $4, $5, $6) RETURNING "id"  [["content", "Why should know you're doing whatever,\nThat you I did before,\nAnd the world small world,\nYour games you're happy wherever you more than that means.\n\nIt's really over- please don't hear your eyes I,\nI will stay on the sun,\nI'm doing fine,\nI'm so you ever say is.\n\n[chorus]\nYou know what we were,\nThe words in the line in time.\nYou know what we were,\nThe words in the line in time."], ["created_at", "2014-10-11 03:46:02.163116"], ["creator_id", 3], ["group_id", 1], ["title", "On Putting Dogs to Sleep"], ["updated_at", "2014-10-11 03:46:02.163116"]]
  [1m[36m (0.3ms)[0m  [1mCOMMIT[0m
  [1m[35m (0.1ms)[0m  BEGIN
  [1m[36mSQL (0.4ms)[0m  [1mINSERT INTO "snippets" ("content", "created_at", "creator_id", "group_id", "updated_at") VALUES ($1, $2, $3, $4, $5) RETURNING "id"[0m  [["content", "Cause im already in mine / Ain't about my heart is everything is done / I believe in the credits / It's the 7 things flowing up."], ["created_at", "2014-10-11 03:46:02.175204"], ["creator_id", 1], ["group_id", 1], ["updated_at", "2014-10-11 03:46:02.175204"]]
  [1m[35m (0.3ms)[0m  COMMIT
  [1m[36m (0.1ms)[0m  [1mBEGIN[0m
  [1m[35mSQL (0.2ms)[0m  INSERT INTO "snippets" ("content", "created_at", "creator_id", "group_id", "updated_at") VALUES ($1, $2, $3, $4, $5) RETURNING "id"  [["content", "Li-li / I can't be tamed you / I'm lazy / And I look somewhere else falls into this kicking."], ["created_at", "2014-10-11 03:46:02.177687"], ["creator_id", 4], ["group_id", 1], ["updated_at", "2014-10-11 03:46:02.177687"]]
  [1m[36m (0.3ms)[0m  [1mCOMMIT[0m
  [1m[35m (0.1ms)[0m  BEGIN
  [1m[36mSQL (0.2ms)[0m  [1mINSERT INTO "posts" ("content", "created_at", "creator_id", "group_id", "title", "updated_at") VALUES ($1, $2, $3, $4, $5, $6) RETURNING "id"[0m  [["content", "I care of something stops me see you lose,\nDrive my brain ma,\nBoom de clap de clap de,\nI care of the world.\n\nDon't know your hands up,\nWhen you love me back with you there,\nThat you up the story's getting old,\nSo tragic.\n\n[chorus]\nThis kicking and yes dear we're gonna,\n'cause what we up you alone.\nThis kicking and yes dear we're gonna,\n'cause what we up you alone."], ["created_at", "2014-10-11 03:46:02.179418"], ["creator_id", 3], ["group_id", 1], ["title", "Some More of My Poetry"], ["updated_at", "2014-10-11 03:46:02.179418"]]
  [1m[35m (0.3ms)[0m  COMMIT
  [1m[36m (0.1ms)[0m  [1mBEGIN[0m
  [1m[35mSQL (5.8ms)[0m  INSERT INTO "comments" ("commentable_id", "commentable_type", "content", "created_at", "creator_id", "updated_at") VALUES ($1, $2, $3, $4, $5, $6) RETURNING "id"  [["commentable_id", 1], ["commentable_type", "Post"], ["content", "Wow Torey you're really good at poetry"], ["created_at", "2014-10-11 03:46:02.188792"], ["creator_id", 2], ["updated_at", "2014-10-11 03:46:02.188792"]]
  [1m[36m (6.3ms)[0m  [1mCOMMIT[0m
  [1m[35m (0.1ms)[0m  BEGIN
  [1m[36mSQL (0.2ms)[0m  [1mINSERT INTO "comments" ("commentable_id", "commentable_type", "content", "created_at", "creator_id", "updated_at") VALUES ($1, $2, $3, $4, $5, $6) RETURNING "id"[0m  [["commentable_id", 1], ["commentable_type", "Post"], ["content", "This vacation is doing you some good!"], ["created_at", "2014-10-11 03:46:02.203021"], ["creator_id", 1], ["updated_at", "2014-10-11 03:46:02.203021"]]
  [1m[35m (4.6ms)[0m  COMMIT
  [1m[36m (0.1ms)[0m  [1mBEGIN[0m
  [1m[35mSQL (0.2ms)[0m  INSERT INTO "comments" ("commentable_id", "commentable_type", "content", "created_at", "creator_id", "updated_at") VALUES ($1, $2, $3, $4, $5, $6) RETURNING "id"  [["commentable_id", 1], ["commentable_type", "Snippet"], ["content", "lol"], ["created_at", "2014-10-11 03:46:02.209219"], ["creator_id", 3], ["updated_at", "2014-10-11 03:46:02.209219"]]
  [1m[36m (0.4ms)[0m  [1mCOMMIT[0m
  [1m[35m (0.1ms)[0m  BEGIN
  [1m[36mSQL (0.2ms)[0m  [1mINSERT INTO "comments" ("commentable_id", "commentable_type", "content", "created_at", "creator_id", "updated_at") VALUES ($1, $2, $3, $4, $5, $6) RETURNING "id"[0m  [["commentable_id", 2], ["commentable_type", "Post"], ["content", "Wait is this a Miley song?"], ["created_at", "2014-10-11 03:46:02.210851"], ["creator_id", 4], ["updated_at", "2014-10-11 03:46:02.210851"]]
  [1m[35m (0.4ms)[0m  COMMIT


Started GET "/groups/1/users/2/posts/new" for 127.0.0.1 at 2014-10-10 22:46:39 -0500
  [1m[36mActiveRecord::SchemaMigration Load (0.3ms)[0m  [1mSELECT "schema_migrations".* FROM "schema_migrations"[0m
Processing by PostsController#new as HTML
  Parameters: {"group_id"=>"1", "user_id"=>"2"}
  [1m[35mGroup Load (0.3ms)[0m  SELECT  "groups".* FROM "groups"  WHERE "groups"."id" = $1 LIMIT 1  [["id", 1]]
  [1m[36mUser Load (0.3ms)[0m  [1mSELECT  "users".* FROM "users"  WHERE "users"."id" = $1 LIMIT 1[0m  [["id", 2]]
  Rendered posts/_form.html.erb (29.9ms)
  Rendered posts/new.html.erb within layouts/application (34.7ms)
Completed 200 OK in 479ms (Views: 401.1ms | ActiveRecord: 5.3ms)


Started GET "/groups/1/users/2/posts/new" for 127.0.0.1 at 2014-10-10 22:46:40 -0500
Processing by PostsController#new as HTML
  Parameters: {"group_id"=>"1", "user_id"=>"2"}
  [1m[35mGroup Load (0.3ms)[0m  SELECT  "groups".* FROM "groups"  WHERE "groups"."id" = $1 LIMIT 1  [["id", 1]]
  [1m[36mUser Load (0.3ms)[0m  [1mSELECT  "users".* FROM "users"  WHERE "users"."id" = $1 LIMIT 1[0m  [["id", 2]]
  Rendered posts/_form.html.erb (2.0ms)
  Rendered posts/new.html.erb within layouts/application (2.5ms)
Completed 200 OK in 137ms (Views: 133.7ms | ActiveRecord: 0.6ms)


Started GET "/assets/groups.css?body=1" for 127.0.0.1 at 2014-10-10 22:46:40 -0500


Started GET "/assets/comments.css?body=1" for 127.0.0.1 at 2014-10-10 22:46:40 -0500


Started GET "/assets/home.css?body=1" for 127.0.0.1 at 2014-10-10 22:46:40 -0500


Started GET "/assets/images.css?body=1" for 127.0.0.1 at 2014-10-10 22:46:40 -0500


Started GET "/assets/normalize.css?body=1" for 127.0.0.1 at 2014-10-10 22:46:40 -0500


Started GET "/assets/posts.css?body=1" for 127.0.0.1 at 2014-10-10 22:46:40 -0500


Started GET "/assets/users.css?body=1" for 127.0.0.1 at 2014-10-10 22:46:40 -0500


Started GET "/assets/snippets.css?body=1" for 127.0.0.1 at 2014-10-10 22:46:40 -0500


Started GET "/assets/application.css?body=1" for 127.0.0.1 at 2014-10-10 22:46:40 -0500


Started GET "/assets/jquery.js?body=1" for 127.0.0.1 at 2014-10-10 22:46:40 -0500


Started GET "/assets/jquery_ujs.js?body=1" for 127.0.0.1 at 2014-10-10 22:46:40 -0500


Started GET "/assets/turbolinks.js?body=1" for 127.0.0.1 at 2014-10-10 22:46:40 -0500


Started GET "/assets/NOT_USED_application.js?body=1" for 127.0.0.1 at 2014-10-10 22:46:40 -0500


Started GET "/assets/comments.js?body=1" for 127.0.0.1 at 2014-10-10 22:46:40 -0500


Started GET "/assets/groups.js?body=1" for 127.0.0.1 at 2014-10-10 22:46:40 -0500


Started GET "/assets/home.js?body=1" for 127.0.0.1 at 2014-10-10 22:46:40 -0500


Started GET "/assets/images.js?body=1" for 127.0.0.1 at 2014-10-10 22:46:40 -0500


Started GET "/assets/posts.js?body=1" for 127.0.0.1 at 2014-10-10 22:46:40 -0500


Started GET "/assets/snippets.js?body=1" for 127.0.0.1 at 2014-10-10 22:46:40 -0500


Started GET "/assets/users.js?body=1" for 127.0.0.1 at 2014-10-10 22:46:40 -0500


Started GET "/assets/application.js?body=1" for 127.0.0.1 at 2014-10-10 22:46:40 -0500


Started GET "/assets/home_background.jpg" for 127.0.0.1 at 2014-10-10 22:46:40 -0500


Started POST "/groups/1/users/2/posts" for 127.0.0.1 at 2014-10-10 22:46:58 -0500
Processing by PostsController#create as HTML
  Parameters: {"utf8"=>"✓", "authenticity_token"=>"ofZky2jEYqPyOiEOGA1L3PZREUNn47eajRuEj2Vm5t8=", "post"=>{"picture_cache"=>"", "picture"=>#<ActionDispatch::Http::UploadedFile:0x007f8de5643618 @tempfile=#<Tempfile:/var/folders/xb/rqcbhpzs5jq30tq3zrfpy0t00000gn/T/RackMultipart20141010-12018-kpt30w>, @original_filename="arrow_up.png", @content_type="image/png", @headers="Content-Disposition: form-data; name=\"post[picture]\"; filename=\"arrow_up.png\"\r\nContent-Type: image/png\r\n">, "title"=>"arrow up", "content"=>"asdlfkjasldkfa sdkjasdnfa skdfjasnd asdkjfn asdk"}, "commit"=>"Create Post", "group_id"=>"1", "user_id"=>"2"}
  [1m[35mUser Load (0.3ms)[0m  SELECT  "users".* FROM "users"  WHERE "users"."id" = $1 LIMIT 1  [["id", 2]]
Unpermitted parameters: picture_cache, picture
  [1m[36m (0.2ms)[0m  [1mBEGIN[0m
  [1m[35mSQL (0.3ms)[0m  INSERT INTO "posts" ("content", "created_at", "creator_id", "group_id", "title", "updated_at") VALUES ($1, $2, $3, $4, $5, $6) RETURNING "id"  [["content", "asdlfkjasldkfa sdkjasdnfa skdfjasnd asdkjfn asdk"], ["created_at", "2014-10-11 03:46:58.938998"], ["creator_id", 2], ["group_id", 1], ["title", "arrow up"], ["updated_at", "2014-10-11 03:46:58.938998"]]
  [1m[36mSQL (12.0ms)[0m  [1mINSERT INTO "images" ("created_at", "imageable_id", "imageable_type", "picture", "updated_at") VALUES ($1, $2, $3, $4, $5) RETURNING "id"[0m  [["created_at", "2014-10-11 03:46:58.941261"], ["imageable_id", 3], ["imageable_type", "Post"], ["picture", "arrow_up.png"], ["updated_at", "2014-10-11 03:46:58.941261"]]
  [1m[35m (6.3ms)[0m  COMMIT
  [1m[36m (0.2ms)[0m  [1mBEGIN[0m
  [1m[35m (0.1ms)[0m  COMMIT
Redirected to http://localhost:3000/groups/1/users/2/posts/3
Completed 302 Found in 119ms (ActiveRecord: 21.8ms)


Started GET "/groups/1/users/2/posts/3" for 127.0.0.1 at 2014-10-10 22:46:58 -0500
Processing by PostsController#show as HTML
  Parameters: {"group_id"=>"1", "user_id"=>"2", "id"=>"3"}
  [1m[36mPost Load (0.3ms)[0m  [1mSELECT  "posts".* FROM "posts"  WHERE "posts"."id" = $1 LIMIT 1[0m  [["id", 3]]
  [1m[35mImage Load (0.3ms)[0m  SELECT "images".* FROM "images"  WHERE "images"."imageable_id" = $1 AND "images"."imageable_type" = $2  [["imageable_id", 3], ["imageable_type", "Post"]]
  Rendered posts/show.html.erb within layouts/application (2.2ms)
Completed 200 OK in 133ms (Views: 130.9ms | ActiveRecord: 0.5ms)


Started GET "/assets/comments.css?body=1" for 127.0.0.1 at 2014-10-10 22:46:59 -0500


Started GET "/assets/home.css?body=1" for 127.0.0.1 at 2014-10-10 22:46:59 -0500


Started GET "/assets/groups.css?body=1" for 127.0.0.1 at 2014-10-10 22:46:59 -0500


Started GET "/assets/posts.css?body=1" for 127.0.0.1 at 2014-10-10 22:46:59 -0500


Started GET "/assets/images.css?body=1" for 127.0.0.1 at 2014-10-10 22:46:59 -0500


Started GET "/assets/normalize.css?body=1" for 127.0.0.1 at 2014-10-10 22:46:59 -0500


Started GET "/assets/snippets.css?body=1" for 127.0.0.1 at 2014-10-10 22:46:59 -0500


Started GET "/assets/users.css?body=1" for 127.0.0.1 at 2014-10-10 22:46:59 -0500


Started GET "/assets/application.css?body=1" for 127.0.0.1 at 2014-10-10 22:46:59 -0500


Started GET "/assets/jquery_ujs.js?body=1" for 127.0.0.1 at 2014-10-10 22:46:59 -0500


Started GET "/assets/jquery.js?body=1" for 127.0.0.1 at 2014-10-10 22:46:59 -0500


Started GET "/assets/turbolinks.js?body=1" for 127.0.0.1 at 2014-10-10 22:46:59 -0500


Started GET "/assets/NOT_USED_application.js?body=1" for 127.0.0.1 at 2014-10-10 22:46:59 -0500


Started GET "/assets/comments.js?body=1" for 127.0.0.1 at 2014-10-10 22:46:59 -0500


Started GET "/assets/groups.js?body=1" for 127.0.0.1 at 2014-10-10 22:46:59 -0500


Started GET "/assets/home.js?body=1" for 127.0.0.1 at 2014-10-10 22:46:59 -0500


Started GET "/assets/images.js?body=1" for 127.0.0.1 at 2014-10-10 22:46:59 -0500


Started GET "/assets/posts.js?body=1" for 127.0.0.1 at 2014-10-10 22:46:59 -0500


Started GET "/assets/snippets.js?body=1" for 127.0.0.1 at 2014-10-10 22:46:59 -0500


Started GET "/assets/users.js?body=1" for 127.0.0.1 at 2014-10-10 22:46:59 -0500


Started GET "/assets/application.js?body=1" for 127.0.0.1 at 2014-10-10 22:46:59 -0500


Started GET "/groups/1/users/2/posts/new" for 127.0.0.1 at 2014-10-10 22:49:47 -0500
Processing by PostsController#new as HTML
  Parameters: {"group_id"=>"1", "user_id"=>"2"}
  [1m[36mGroup Load (0.2ms)[0m  [1mSELECT  "groups".* FROM "groups"  WHERE "groups"."id" = $1 LIMIT 1[0m  [["id", 1]]
  [1m[35mUser Load (0.2ms)[0m  SELECT  "users".* FROM "users"  WHERE "users"."id" = $1 LIMIT 1  [["id", 2]]
  Rendered posts/_form.html.erb (5.6ms)
  Rendered posts/new.html.erb within layouts/application (6.1ms)
Completed 200 OK in 159ms (Views: 133.0ms | ActiveRecord: 4.1ms)


Started GET "/assets/comments.css?body=1" for 127.0.0.1 at 2014-10-10 22:49:47 -0500


Started GET "/assets/groups.css?body=1" for 127.0.0.1 at 2014-10-10 22:49:47 -0500


Started GET "/assets/images.css?body=1" for 127.0.0.1 at 2014-10-10 22:49:47 -0500


Started GET "/assets/normalize.css?body=1" for 127.0.0.1 at 2014-10-10 22:49:47 -0500


Started GET "/assets/posts.css?body=1" for 127.0.0.1 at 2014-10-10 22:49:47 -0500


Started GET "/assets/home.css?body=1" for 127.0.0.1 at 2014-10-10 22:49:47 -0500


Started GET "/assets/users.css?body=1" for 127.0.0.1 at 2014-10-10 22:49:47 -0500


Started GET "/assets/application.css?body=1" for 127.0.0.1 at 2014-10-10 22:49:47 -0500


Started GET "/assets/jquery.js?body=1" for 127.0.0.1 at 2014-10-10 22:49:47 -0500


Started GET "/assets/snippets.css?body=1" for 127.0.0.1 at 2014-10-10 22:49:47 -0500


Started GET "/assets/NOT_USED_application.js?body=1" for 127.0.0.1 at 2014-10-10 22:49:47 -0500


Started GET "/assets/comments.js?body=1" for 127.0.0.1 at 2014-10-10 22:49:47 -0500


Started GET "/assets/groups.js?body=1" for 127.0.0.1 at 2014-10-10 22:49:47 -0500


Started GET "/assets/home.js?body=1" for 127.0.0.1 at 2014-10-10 22:49:47 -0500


Started GET "/assets/images.js?body=1" for 127.0.0.1 at 2014-10-10 22:49:47 -0500


Started GET "/assets/snippets.js?body=1" for 127.0.0.1 at 2014-10-10 22:49:47 -0500


Started GET "/assets/users.js?body=1" for 127.0.0.1 at 2014-10-10 22:49:47 -0500


Started GET "/assets/posts.js?body=1" for 127.0.0.1 at 2014-10-10 22:49:47 -0500


Started GET "/assets/application.js?body=1" for 127.0.0.1 at 2014-10-10 22:49:47 -0500


Started POST "/groups/1/users/2/posts" for 127.0.0.1 at 2014-10-10 22:50:04 -0500
Processing by PostsController#create as HTML
  Parameters: {"utf8"=>"✓", "authenticity_token"=>"ofZky2jEYqPyOiEOGA1L3PZREUNn47eajRuEj2Vm5t8=", "post"=>{"picture"=>#<ActionDispatch::Http::UploadedFile:0x007f8de1fdd5b0 @tempfile=#<Tempfile:/var/folders/xb/rqcbhpzs5jq30tq3zrfpy0t00000gn/T/RackMultipart20141010-12018-1amm4m0>, @original_filename="delete.png", @content_type="image/png", @headers="Content-Disposition: form-data; name=\"post[picture]\"; filename=\"delete.png\"\r\nContent-Type: image/png\r\n">, "title"=>"stop ", "content"=>"apparently delete"}, "commit"=>"Create Post", "group_id"=>"1", "user_id"=>"2"}
  [1m[36mUser Load (0.3ms)[0m  [1mSELECT  "users".* FROM "users"  WHERE "users"."id" = $1 LIMIT 1[0m  [["id", 2]]
Unpermitted parameters: picture
  [1m[35m (0.1ms)[0m  BEGIN
  [1m[36mSQL (0.2ms)[0m  [1mINSERT INTO "posts" ("content", "created_at", "creator_id", "group_id", "title", "updated_at") VALUES ($1, $2, $3, $4, $5, $6) RETURNING "id"[0m  [["content", "apparently delete"], ["created_at", "2014-10-11 03:50:04.809935"], ["creator_id", 2], ["group_id", 1], ["title", "stop "], ["updated_at", "2014-10-11 03:50:04.809935"]]
  [1m[35mSQL (0.2ms)[0m  INSERT INTO "images" ("created_at", "imageable_id", "imageable_type", "picture", "updated_at") VALUES ($1, $2, $3, $4, $5) RETURNING "id"  [["created_at", "2014-10-11 03:50:04.811788"], ["imageable_id", 4], ["imageable_type", "Post"], ["picture", "delete.png"], ["updated_at", "2014-10-11 03:50:04.811788"]]
  [1m[36m (5.7ms)[0m  [1mCOMMIT[0m
  [1m[35m (0.1ms)[0m  BEGIN
  [1m[36m (0.1ms)[0m  [1mCOMMIT[0m
Redirected to http://localhost:3000/groups/1/users/2/posts/4
Completed 302 Found in 32ms (ActiveRecord: 8.1ms)


Started GET "/groups/1/users/2/posts/4" for 127.0.0.1 at 2014-10-10 22:50:04 -0500
Processing by PostsController#show as HTML
  Parameters: {"group_id"=>"1", "user_id"=>"2", "id"=>"4"}
  [1m[35mPost Load (0.2ms)[0m  SELECT  "posts".* FROM "posts"  WHERE "posts"."id" = $1 LIMIT 1  [["id", 4]]
  [1m[36mImage Load (0.3ms)[0m  [1mSELECT "images".* FROM "images"  WHERE "images"."imageable_id" = $1 AND "images"."imageable_type" = $2[0m  [["imageable_id", 4], ["imageable_type", "Post"]]
  Rendered posts/show.html.erb within layouts/application (1.3ms)
Completed 200 OK in 131ms (Views: 128.8ms | ActiveRecord: 0.5ms)


Started GET "/assets/groups.css?body=1" for 127.0.0.1 at 2014-10-10 22:50:05 -0500


Started GET "/assets/home.css?body=1" for 127.0.0.1 at 2014-10-10 22:50:05 -0500


Started GET "/assets/images.css?body=1" for 127.0.0.1 at 2014-10-10 22:50:05 -0500


Started GET "/assets/normalize.css?body=1" for 127.0.0.1 at 2014-10-10 22:50:05 -0500


Started GET "/assets/posts.css?body=1" for 127.0.0.1 at 2014-10-10 22:50:05 -0500


Started GET "/assets/comments.css?body=1" for 127.0.0.1 at 2014-10-10 22:50:05 -0500


Started GET "/assets/snippets.css?body=1" for 127.0.0.1 at 2014-10-10 22:50:05 -0500


Started GET "/assets/users.css?body=1" for 127.0.0.1 at 2014-10-10 22:50:05 -0500


Started GET "/assets/application.css?body=1" for 127.0.0.1 at 2014-10-10 22:50:05 -0500


Started GET "/assets/jquery.js?body=1" for 127.0.0.1 at 2014-10-10 22:50:05 -0500


Started GET "/assets/NOT_USED_application.js?body=1" for 127.0.0.1 at 2014-10-10 22:50:05 -0500


Started GET "/assets/comments.js?body=1" for 127.0.0.1 at 2014-10-10 22:50:05 -0500


Started GET "/assets/groups.js?body=1" for 127.0.0.1 at 2014-10-10 22:50:05 -0500


Started GET "/assets/home.js?body=1" for 127.0.0.1 at 2014-10-10 22:50:05 -0500


Started GET "/assets/images.js?body=1" for 127.0.0.1 at 2014-10-10 22:50:05 -0500


Started GET "/assets/posts.js?body=1" for 127.0.0.1 at 2014-10-10 22:50:05 -0500


Started GET "/assets/snippets.js?body=1" for 127.0.0.1 at 2014-10-10 22:50:05 -0500


Started GET "/assets/users.js?body=1" for 127.0.0.1 at 2014-10-10 22:50:05 -0500


Started GET "/assets/application.js?body=1" for 127.0.0.1 at 2014-10-10 22:50:05 -0500


Started GET "/profile/1/edit" for 127.0.0.1 at 2014-10-10 22:56:02 -0500
Processing by UsersController#edit as HTML
  Parameters: {"id"=>"1"}
Completed 401 Unauthorized in 12ms


Started GET "/users/sign_in" for 127.0.0.1 at 2014-10-10 22:56:02 -0500
Processing by SessionsController#new as HTML
  Rendered devise/shared/_links.html.erb (1.4ms)
  Rendered devise/sessions/new.html.erb within layouts/application (10.2ms)
Completed 200 OK in 150ms (Views: 137.3ms | ActiveRecord: 1.6ms)


Started GET "/assets/groups.css?body=1" for 127.0.0.1 at 2014-10-10 22:56:02 -0500


Started GET "/assets/images.css?body=1" for 127.0.0.1 at 2014-10-10 22:56:02 -0500


Started GET "/assets/home.css?body=1" for 127.0.0.1 at 2014-10-10 22:56:02 -0500


Started GET "/assets/normalize.css?body=1" for 127.0.0.1 at 2014-10-10 22:56:02 -0500


Started GET "/assets/comments.css?body=1" for 127.0.0.1 at 2014-10-10 22:56:02 -0500


Started GET "/assets/snippets.css?body=1" for 127.0.0.1 at 2014-10-10 22:56:02 -0500


Started GET "/assets/application.css?body=1" for 127.0.0.1 at 2014-10-10 22:56:02 -0500


Started GET "/assets/NOT_USED_application.js?body=1" for 127.0.0.1 at 2014-10-10 22:56:02 -0500


Started GET "/assets/users.css?body=1" for 127.0.0.1 at 2014-10-10 22:56:02 -0500


Started GET "/assets/jquery.js?body=1" for 127.0.0.1 at 2014-10-10 22:56:02 -0500


Started GET "/assets/posts.css?body=1" for 127.0.0.1 at 2014-10-10 22:56:02 -0500


Started GET "/assets/comments.js?body=1" for 127.0.0.1 at 2014-10-10 22:56:02 -0500


Started GET "/assets/groups.js?body=1" for 127.0.0.1 at 2014-10-10 22:56:02 -0500


Started GET "/assets/home.js?body=1" for 127.0.0.1 at 2014-10-10 22:56:02 -0500


Started GET "/assets/images.js?body=1" for 127.0.0.1 at 2014-10-10 22:56:02 -0500


Started GET "/assets/posts.js?body=1" for 127.0.0.1 at 2014-10-10 22:56:02 -0500


Started GET "/assets/snippets.js?body=1" for 127.0.0.1 at 2014-10-10 22:56:02 -0500


Started GET "/assets/users.js?body=1" for 127.0.0.1 at 2014-10-10 22:56:02 -0500


Started GET "/assets/application.js?body=1" for 127.0.0.1 at 2014-10-10 22:56:02 -0500


Started POST "/users/sign_in" for 127.0.0.1 at 2014-10-10 22:56:05 -0500
Processing by SessionsController#create as HTML
  Parameters: {"utf8"=>"✓", "authenticity_token"=>"ofZky2jEYqPyOiEOGA1L3PZREUNn47eajRuEj2Vm5t8=", "user"=>{"email"=>"isaac@gmail.com", "password"=>"[FILTERED]", "remember_me"=>"0"}, "commit"=>"Log in"}
  [1m[35mUser Load (0.6ms)[0m  SELECT  "users".* FROM "users"  WHERE "users"."email" = 'isaac@gmail.com'  ORDER BY "users"."id" ASC LIMIT 1
  [1m[36m (0.1ms)[0m  [1mBEGIN[0m
  [1m[35mSQL (0.3ms)[0m  UPDATE "users" SET "current_sign_in_at" = $1, "current_sign_in_ip" = $2, "last_sign_in_at" = $3, "last_sign_in_ip" = $4, "sign_in_count" = $5, "updated_at" = $6 WHERE "users"."id" = 1  [["current_sign_in_at", "2014-10-11 03:56:05.722096"], ["current_sign_in_ip", "127.0.0.1/32"], ["last_sign_in_at", "2014-10-11 03:56:05.722096"], ["last_sign_in_ip", "127.0.0.1/32"], ["sign_in_count", 1], ["updated_at", "2014-10-11 03:56:05.723198"]]
  [1m[36m (0.4ms)[0m  [1mCOMMIT[0m
Redirected to http://localhost:3000/profile/1/edit
Completed 302 Found in 141ms (ActiveRecord: 1.3ms)


Started GET "/profile/1/edit" for 127.0.0.1 at 2014-10-10 22:56:05 -0500
Processing by UsersController#edit as HTML
  Parameters: {"id"=>"1"}
  [1m[35mUser Load (0.3ms)[0m  SELECT  "users".* FROM "users"  WHERE "users"."id" = 1  ORDER BY "users"."id" ASC LIMIT 1
  [1m[36mUser Load (0.2ms)[0m  [1mSELECT  "users".* FROM "users"  WHERE "users"."id" = $1 LIMIT 1[0m  [["id", 1]]
  Rendered users/edit.html.erb within layouts/application (3.6ms)
Completed 200 OK in 137ms (Views: 134.4ms | ActiveRecord: 0.5ms)


Started GET "/assets/groups.css?body=1" for 127.0.0.1 at 2014-10-10 22:56:05 -0500


Started GET "/assets/home.css?body=1" for 127.0.0.1 at 2014-10-10 22:56:05 -0500


Started GET "/assets/images.css?body=1" for 127.0.0.1 at 2014-10-10 22:56:06 -0500


Started GET "/assets/normalize.css?body=1" for 127.0.0.1 at 2014-10-10 22:56:06 -0500


Started GET "/assets/posts.css?body=1" for 127.0.0.1 at 2014-10-10 22:56:06 -0500


Started GET "/assets/snippets.css?body=1" for 127.0.0.1 at 2014-10-10 22:56:06 -0500


Started GET "/assets/users.css?body=1" for 127.0.0.1 at 2014-10-10 22:56:06 -0500


Started GET "/assets/application.css?body=1" for 127.0.0.1 at 2014-10-10 22:56:06 -0500


Started GET "/assets/comments.css?body=1" for 127.0.0.1 at 2014-10-10 22:56:06 -0500


Started GET "/assets/jquery.js?body=1" for 127.0.0.1 at 2014-10-10 22:56:06 -0500


Started GET "/assets/NOT_USED_application.js?body=1" for 127.0.0.1 at 2014-10-10 22:56:06 -0500


Started GET "/assets/comments.js?body=1" for 127.0.0.1 at 2014-10-10 22:56:06 -0500


Started GET "/assets/groups.js?body=1" for 127.0.0.1 at 2014-10-10 22:56:06 -0500


Started GET "/assets/home.js?body=1" for 127.0.0.1 at 2014-10-10 22:56:06 -0500


Started GET "/assets/images.js?body=1" for 127.0.0.1 at 2014-10-10 22:56:06 -0500


Started GET "/assets/posts.js?body=1" for 127.0.0.1 at 2014-10-10 22:56:06 -0500


Started GET "/assets/snippets.js?body=1" for 127.0.0.1 at 2014-10-10 22:56:06 -0500


Started GET "/assets/users.js?body=1" for 127.0.0.1 at 2014-10-10 22:56:06 -0500


Started GET "/assets/application.js?body=1" for 127.0.0.1 at 2014-10-10 22:56:06 -0500


Started PATCH "/profile/1" for 127.0.0.1 at 2014-10-10 22:56:22 -0500
Processing by UsersController#update as HTML
  Parameters: {"utf8"=>"✓", "authenticity_token"=>"Yp0NiKemZxvKbD7lyhow0ygG+E3fZ19IuidmOJZe3Bg=", "user"=>{"picture"=>#<ActionDispatch::Http::UploadedFile:0x007f8de221a260 @tempfile=#<Tempfile:/var/folders/xb/rqcbhpzs5jq30tq3zrfpy0t00000gn/T/RackMultipart20141010-12018-wo82r5>, @original_filename="wrench_orange.png", @content_type="image/png", @headers="Content-Disposition: form-data; name=\"user[picture]\"; filename=\"wrench_orange.png\"\r\nContent-Type: image/png\r\n">, "first_name"=>"Isaac", "last_name"=>"Node.js", "email"=>"isaac@gmail.com", "current_location"=>"Chicago, IL", "password"=>"[FILTERED]", "password_confirmation"=>"[FILTERED]"}, "commit"=>"Update User", "id"=>"1"}
  [1m[35mUser Load (0.4ms)[0m  SELECT  "users".* FROM "users"  WHERE "users"."id" = 1  ORDER BY "users"."id" ASC LIMIT 1
  [1m[36mUser Load (0.7ms)[0m  [1mSELECT  "users".* FROM "users"  WHERE "users"."id" = $1 LIMIT 1[0m  [["id", 1]]
  [1m[35mImage Load (0.2ms)[0m  SELECT  "images".* FROM "images"  WHERE "images"."imageable_id" = $1 AND "images"."imageable_type" = $2 LIMIT 1  [["imageable_id", 1], ["imageable_type", "User"]]
  [1m[36m (0.1ms)[0m  [1mBEGIN[0m
  [1m[35mSQL (0.2ms)[0m  INSERT INTO "images" ("created_at", "imageable_id", "imageable_type", "picture", "updated_at") VALUES ($1, $2, $3, $4, $5) RETURNING "id"  [["created_at", "2014-10-11 03:56:22.938939"], ["imageable_id", 1], ["imageable_type", "User"], ["picture", "wrench_orange.png"], ["updated_at", "2014-10-11 03:56:22.938939"]]
  [1m[36m (6.1ms)[0m  [1mCOMMIT[0m
Unpermitted parameters: picture, email, password, password_confirmation
  [1m[35m (0.1ms)[0m  BEGIN
  [1m[36m (0.1ms)[0m  [1mCOMMIT[0m
Redirected to http://localhost:3000/profile/1
Completed 302 Found in 35ms (ActiveRecord: 11.0ms)


Started GET "/profile/1" for 127.0.0.1 at 2014-10-10 22:56:22 -0500
Processing by UsersController#show as HTML
  Parameters: {"id"=>"1"}
  [1m[35mUser Load (0.3ms)[0m  SELECT  "users".* FROM "users"  WHERE "users"."id" = 1  ORDER BY "users"."id" ASC LIMIT 1
  [1m[36mUser Load (0.2ms)[0m  [1mSELECT  "users".* FROM "users"  WHERE "users"."id" = $1 LIMIT 1[0m  [["id", 1]]
  [1m[35mGroup Load (0.4ms)[0m  SELECT "groups".* FROM "groups" INNER JOIN "memberships" ON "groups"."id" = "memberships"."group_id" WHERE "memberships"."member_id" = $1  [["member_id", 1]]
  [1m[36mUser Load (0.2ms)[0m  [1mSELECT  "users".* FROM "users"  WHERE "users"."id" = $1 LIMIT 1[0m  [["id", 2]]
  Rendered users/show.html.erb within layouts/application (78.0ms)
Completed 200 OK in 213ms (Views: 207.8ms | ActiveRecord: 3.0ms)


Started GET "/assets/normalize.css?body=1" for 127.0.0.1 at 2014-10-10 22:56:23 -0500


Started GET "/assets/posts.css?body=1" for 127.0.0.1 at 2014-10-10 22:56:23 -0500


Started GET "/assets/groups.css?body=1" for 127.0.0.1 at 2014-10-10 22:56:23 -0500


Started GET "/assets/home.css?body=1" for 127.0.0.1 at 2014-10-10 22:56:23 -0500


Started GET "/assets/comments.css?body=1" for 127.0.0.1 at 2014-10-10 22:56:23 -0500


Started GET "/assets/snippets.css?body=1" for 127.0.0.1 at 2014-10-10 22:56:23 -0500


Started GET "/assets/images.css?body=1" for 127.0.0.1 at 2014-10-10 22:56:23 -0500


Started GET "/assets/users.css?body=1" for 127.0.0.1 at 2014-10-10 22:56:23 -0500


Started GET "/assets/application.css?body=1" for 127.0.0.1 at 2014-10-10 22:56:23 -0500


Started GET "/assets/jquery.js?body=1" for 127.0.0.1 at 2014-10-10 22:56:23 -0500


Started GET "/assets/NOT_USED_application.js?body=1" for 127.0.0.1 at 2014-10-10 22:56:23 -0500


Started GET "/assets/comments.js?body=1" for 127.0.0.1 at 2014-10-10 22:56:23 -0500


Started GET "/assets/groups.js?body=1" for 127.0.0.1 at 2014-10-10 22:56:23 -0500


Started GET "/assets/home.js?body=1" for 127.0.0.1 at 2014-10-10 22:56:23 -0500


Started GET "/assets/images.js?body=1" for 127.0.0.1 at 2014-10-10 22:56:23 -0500


Started GET "/assets/posts.js?body=1" for 127.0.0.1 at 2014-10-10 22:56:23 -0500


Started GET "/assets/snippets.js?body=1" for 127.0.0.1 at 2014-10-10 22:56:23 -0500


Started GET "/assets/users.js?body=1" for 127.0.0.1 at 2014-10-10 22:56:23 -0500


Started GET "/assets/application.js?body=1" for 127.0.0.1 at 2014-10-10 22:56:23 -0500


Started GET "/profile/1" for 127.0.0.1 at 2014-10-10 22:58:25 -0500
Processing by UsersController#show as HTML
  Parameters: {"id"=>"1"}
  [1m[35mUser Load (0.4ms)[0m  SELECT  "users".* FROM "users"  WHERE "users"."id" = 1  ORDER BY "users"."id" ASC LIMIT 1
  [1m[36mUser Load (0.1ms)[0m  [1mSELECT  "users".* FROM "users"  WHERE "users"."id" = $1 LIMIT 1[0m  [["id", 1]]
  [1m[35mImage Load (0.2ms)[0m  SELECT  "images".* FROM "images"  WHERE "images"."imageable_id" = $1 AND "images"."imageable_type" = $2 LIMIT 1  [["imageable_id", 1], ["imageable_type", "User"]]
  [1m[36mGroup Load (0.3ms)[0m  [1mSELECT "groups".* FROM "groups" INNER JOIN "memberships" ON "groups"."id" = "memberships"."group_id" WHERE "memberships"."member_id" = $1[0m  [["member_id", 1]]
  [1m[35mUser Load (0.1ms)[0m  SELECT  "users".* FROM "users"  WHERE "users"."id" = $1 LIMIT 1  [["id", 2]]
  Rendered users/show.html.erb within layouts/application (4.6ms)
Completed 200 OK in 133ms (Views: 129.8ms | ActiveRecord: 1.1ms)


Started GET "/assets/comments.css?body=1" for 127.0.0.1 at 2014-10-10 22:58:25 -0500


Started GET "/assets/groups.css?body=1" for 127.0.0.1 at 2014-10-10 22:58:25 -0500


Started GET "/assets/normalize.css?body=1" for 127.0.0.1 at 2014-10-10 22:58:25 -0500


Started GET "/assets/home.css?body=1" for 127.0.0.1 at 2014-10-10 22:58:25 -0500


Started GET "/assets/posts.css?body=1" for 127.0.0.1 at 2014-10-10 22:58:25 -0500


Started GET "/assets/snippets.css?body=1" for 127.0.0.1 at 2014-10-10 22:58:25 -0500


Started GET "/assets/users.css?body=1" for 127.0.0.1 at 2014-10-10 22:58:25 -0500


Started GET "/assets/images.css?body=1" for 127.0.0.1 at 2014-10-10 22:58:25 -0500


Started GET "/assets/application.css?body=1" for 127.0.0.1 at 2014-10-10 22:58:25 -0500


Started GET "/assets/jquery.js?body=1" for 127.0.0.1 at 2014-10-10 22:58:25 -0500


Started GET "/assets/jquery_ujs.js?body=1" for 127.0.0.1 at 2014-10-10 22:58:25 -0500


Started GET "/assets/turbolinks.js?body=1" for 127.0.0.1 at 2014-10-10 22:58:25 -0500


Started GET "/assets/NOT_USED_application.js?body=1" for 127.0.0.1 at 2014-10-10 22:58:25 -0500


Started GET "/assets/comments.js?body=1" for 127.0.0.1 at 2014-10-10 22:58:25 -0500


Started GET "/assets/groups.js?body=1" for 127.0.0.1 at 2014-10-10 22:58:25 -0500


Started GET "/assets/home.js?body=1" for 127.0.0.1 at 2014-10-10 22:58:25 -0500


Started GET "/assets/images.js?body=1" for 127.0.0.1 at 2014-10-10 22:58:25 -0500


Started GET "/assets/posts.js?body=1" for 127.0.0.1 at 2014-10-10 22:58:25 -0500


Started GET "/assets/snippets.js?body=1" for 127.0.0.1 at 2014-10-10 22:58:25 -0500


Started GET "/assets/users.js?body=1" for 127.0.0.1 at 2014-10-10 22:58:25 -0500


Started GET "/assets/application.js?body=1" for 127.0.0.1 at 2014-10-10 22:58:25 -0500


Started GET "/profile/1/edit" for 127.0.0.1 at 2014-10-10 22:58:45 -0500
Processing by UsersController#edit as HTML
  Parameters: {"id"=>"1"}
  [1m[36mUser Load (0.5ms)[0m  [1mSELECT  "users".* FROM "users"  WHERE "users"."id" = 1  ORDER BY "users"."id" ASC LIMIT 1[0m
  [1m[35mUser Load (0.2ms)[0m  SELECT  "users".* FROM "users"  WHERE "users"."id" = $1 LIMIT 1  [["id", 1]]
  Rendered users/edit.html.erb within layouts/application (6.9ms)
Completed 200 OK in 200ms (Views: 196.5ms | ActiveRecord: 0.6ms)


Started PATCH "/profile/1" for 127.0.0.1 at 2014-10-10 22:58:56 -0500
Processing by UsersController#update as HTML
  Parameters: {"utf8"=>"✓", "authenticity_token"=>"Yp0NiKemZxvKbD7lyhow0ygG+E3fZ19IuidmOJZe3Bg=", "user"=>{"picture"=>#<ActionDispatch::Http::UploadedFile:0x007f8de7ca1b48 @tempfile=#<Tempfile:/var/folders/xb/rqcbhpzs5jq30tq3zrfpy0t00000gn/T/RackMultipart20141010-12018-s5amvb>, @original_filename="nodameme.jpg", @content_type="image/jpeg", @headers="Content-Disposition: form-data; name=\"user[picture]\"; filename=\"nodameme.jpg\"\r\nContent-Type: image/jpeg\r\n">, "first_name"=>"Isaac", "last_name"=>"Node.js", "email"=>"isaac@gmail.com", "current_location"=>"Chicago, IL", "password"=>"[FILTERED]", "password_confirmation"=>"[FILTERED]"}, "commit"=>"Update User", "id"=>"1"}
  [1m[36mUser Load (0.4ms)[0m  [1mSELECT  "users".* FROM "users"  WHERE "users"."id" = 1  ORDER BY "users"."id" ASC LIMIT 1[0m
  [1m[35mUser Load (0.2ms)[0m  SELECT  "users".* FROM "users"  WHERE "users"."id" = $1 LIMIT 1  [["id", 1]]
  [1m[36mImage Load (0.3ms)[0m  [1mSELECT  "images".* FROM "images"  WHERE "images"."imageable_id" = $1 AND "images"."imageable_type" = $2 LIMIT 1[0m  [["imageable_id", 1], ["imageable_type", "User"]]
  [1m[35m (0.1ms)[0m  BEGIN
  [1m[36mSQL (0.2ms)[0m  [1mUPDATE "images" SET "imageable_id" = $1, "updated_at" = $2 WHERE "images"."id" = 3[0m  [["imageable_id", nil], ["updated_at", "2014-10-11 03:58:56.790098"]]
  [1m[35mSQL (0.2ms)[0m  INSERT INTO "images" ("created_at", "imageable_id", "imageable_type", "picture", "updated_at") VALUES ($1, $2, $3, $4, $5) RETURNING "id"  [["created_at", "2014-10-11 03:58:56.791927"], ["imageable_id", 1], ["imageable_type", "User"], ["picture", "nodameme.jpg"], ["updated_at", "2014-10-11 03:58:56.791927"]]
  [1m[36m (6.3ms)[0m  [1mCOMMIT[0m
Unpermitted parameters: picture, email, password, password_confirmation
  [1m[35m (0.1ms)[0m  BEGIN
  [1m[36m (0.1ms)[0m  [1mCOMMIT[0m
Redirected to http://localhost:3000/profile/1
Completed 302 Found in 22ms (ActiveRecord: 7.9ms)


Started GET "/profile/1" for 127.0.0.1 at 2014-10-10 22:58:56 -0500
Processing by UsersController#show as HTML
  Parameters: {"id"=>"1"}
  [1m[35mUser Load (0.3ms)[0m  SELECT  "users".* FROM "users"  WHERE "users"."id" = 1  ORDER BY "users"."id" ASC LIMIT 1
  [1m[36mUser Load (0.2ms)[0m  [1mSELECT  "users".* FROM "users"  WHERE "users"."id" = $1 LIMIT 1[0m  [["id", 1]]
  [1m[35mImage Load (0.2ms)[0m  SELECT  "images".* FROM "images"  WHERE "images"."imageable_id" = $1 AND "images"."imageable_type" = $2 LIMIT 1  [["imageable_id", 1], ["imageable_type", "User"]]
  [1m[36mGroup Load (0.3ms)[0m  [1mSELECT "groups".* FROM "groups" INNER JOIN "memberships" ON "groups"."id" = "memberships"."group_id" WHERE "memberships"."member_id" = $1[0m  [["member_id", 1]]
  [1m[35mUser Load (0.1ms)[0m  SELECT  "users".* FROM "users"  WHERE "users"."id" = $1 LIMIT 1  [["id", 2]]
  Rendered users/show.html.erb within layouts/application (4.3ms)
Completed 200 OK in 139ms (Views: 135.1ms | ActiveRecord: 1.1ms)


Started GET "/assets/groups.css?body=1" for 127.0.0.1 at 2014-10-10 22:58:57 -0500


Started GET "/assets/home.css?body=1" for 127.0.0.1 at 2014-10-10 22:58:57 -0500


Started GET "/assets/snippets.css?body=1" for 127.0.0.1 at 2014-10-10 22:58:57 -0500


Started GET "/assets/comments.css?body=1" for 127.0.0.1 at 2014-10-10 22:58:57 -0500


Started GET "/assets/posts.css?body=1" for 127.0.0.1 at 2014-10-10 22:58:57 -0500


Started GET "/assets/normalize.css?body=1" for 127.0.0.1 at 2014-10-10 22:58:57 -0500


Started GET "/assets/application.css?body=1" for 127.0.0.1 at 2014-10-10 22:58:57 -0500


Started GET "/assets/images.css?body=1" for 127.0.0.1 at 2014-10-10 22:58:57 -0500


Started GET "/assets/users.css?body=1" for 127.0.0.1 at 2014-10-10 22:58:57 -0500


Started GET "/assets/jquery.js?body=1" for 127.0.0.1 at 2014-10-10 22:58:57 -0500


Started GET "/assets/jquery_ujs.js?body=1" for 127.0.0.1 at 2014-10-10 22:58:57 -0500


Started GET "/assets/turbolinks.js?body=1" for 127.0.0.1 at 2014-10-10 22:58:57 -0500


Started GET "/assets/NOT_USED_application.js?body=1" for 127.0.0.1 at 2014-10-10 22:58:57 -0500


Started GET "/assets/comments.js?body=1" for 127.0.0.1 at 2014-10-10 22:58:57 -0500


Started GET "/assets/groups.js?body=1" for 127.0.0.1 at 2014-10-10 22:58:57 -0500


Started GET "/assets/home.js?body=1" for 127.0.0.1 at 2014-10-10 22:58:57 -0500


Started GET "/assets/images.js?body=1" for 127.0.0.1 at 2014-10-10 22:58:57 -0500


Started GET "/assets/posts.js?body=1" for 127.0.0.1 at 2014-10-10 22:58:57 -0500


Started GET "/assets/snippets.js?body=1" for 127.0.0.1 at 2014-10-10 22:58:57 -0500


Started GET "/assets/users.js?body=1" for 127.0.0.1 at 2014-10-10 22:58:57 -0500


Started GET "/assets/application.js?body=1" for 127.0.0.1 at 2014-10-10 22:58:57 -0500
